2003.04.06 18:49 B d:\Eigene Dateien\PB\Uni\P2\1winkler\Zeichnung\Dreieck.ctxt <-- swt /Studenten/1winkler/Zeichnung Dreieck.ctxt
2003.04.06 18:49 B d:\Eigene Dateien\PB\Uni\P2\1winkler\Zeichnung\Dreieck.java <-- swt /Studenten/1winkler/Zeichnung Dreieck.java
2003.04.06 18:49 B d:\Eigene Dateien\PB\Uni\P2\1winkler\Zeichnung\Kreis.ctxt <-- swt /Studenten/1winkler/Zeichnung Kreis.ctxt
2003.04.06 18:49 B d:\Eigene Dateien\PB\Uni\P2\1winkler\Zeichnung\Kreis.java <-- swt /Studenten/1winkler/Zeichnung Kreis.java
2003.04.06 18:49 B d:\Eigene Dateien\PB\Uni\P2\1winkler\Zeichnung\Leinwand$CanvasPane.class <-- swt /Studenten/1winkler/Zeichnung Leinwand$CanvasPane.class
2003.04.06 18:49 B d:\Eigene Dateien\PB\Uni\P2\1winkler\Zeichnung\Leinwand$ShapeDescription.class <-- swt /Studenten/1winkler/Zeichnung Leinwand$ShapeDescription.class
2003.04.06 18:49 B d:\Eigene Dateien\PB\Uni\P2\1winkler\Zeichnung\Leinwand.ctxt <-- swt /Studenten/1winkler/Zeichnung Leinwand.ctxt
2003.04.06 18:49 B d:\Eigene Dateien\PB\Uni\P2\1winkler\Zeichnung\Leinwand.java <-- swt /Studenten/1winkler/Zeichnung Leinwand.java
2003.04.06 18:49 B d:\Eigene Dateien\PB\Uni\P2\1winkler\Zeichnung\Quadrat.ctxt <-- swt /Studenten/1winkler/Zeichnung Quadrat.ctxt
2003.04.06 18:49 B d:\Eigene Dateien\PB\Uni\P2\1winkler\Zeichnung\Quadrat.java <-- swt /Studenten/1winkler/Zeichnung Quadrat.java
2003.04.06 18:49 B d:\Eigene Dateien\PB\Uni\P2\1winkler\Zeichnung\Dreieck.class <-- swt /Studenten/1winkler/Zeichnung Dreieck.class
2003.04.06 18:49 B d:\Eigene Dateien\PB\Uni\P2\1winkler\Zeichnung\Kreis.class <-- swt /Studenten/1winkler/Zeichnung Kreis.class
2003.04.06 18:49 B d:\Eigene Dateien\PB\Uni\P2\1winkler\Zeichnung\Leinwand$1.class <-- swt /Studenten/1winkler/Zeichnung Leinwand$1.class
2003.04.06 18:49 B d:\Eigene Dateien\PB\Uni\P2\1winkler\Zeichnung\Leinwand$ShapeMitFarbe.class <-- swt /Studenten/1winkler/Zeichnung Leinwand$ShapeMitFarbe.class
2003.04.06 18:49 B d:\Eigene Dateien\PB\Uni\P2\1winkler\Zeichnung\Leinwand$Zeichenflaeche.class <-- swt /Studenten/1winkler/Zeichnung Leinwand$Zeichenflaeche.class
2003.04.06 18:49 B d:\Eigene Dateien\PB\Uni\P2\1winkler\Zeichnung\Leinwand.class <-- swt /Studenten/1winkler/Zeichnung Leinwand.class
2003.04.06 18:49 B d:\Eigene Dateien\PB\Uni\P2\1winkler\Zeichnung\Quadrat.class <-- swt /Studenten/1winkler/Zeichnung Quadrat.class
2003.04.06 18:49 B d:\Eigene Dateien\PB\Uni\P2\1winkler\Zeichnung\README.TXT <-- swt /Studenten/1winkler/Zeichnung README.TXT
2003.04.06 18:49 B d:\Eigene Dateien\PB\Uni\P2\1winkler\Zeichnung\Zeichnung.class <-- swt /Studenten/1winkler/Zeichnung Zeichnung.class
2003.04.06 18:49 B d:\Eigene Dateien\PB\Uni\P2\1winkler\Zeichnung\Zeichnung.ctxt <-- swt /Studenten/1winkler/Zeichnung Zeichnung.ctxt
2003.04.06 18:49 B d:\Eigene Dateien\PB\Uni\P2\1winkler\Zeichnung\Zeichnung.java <-- swt /Studenten/1winkler/Zeichnung Zeichnung.java
2003.04.06 18:49 B d:\Eigene Dateien\PB\Uni\P2\1winkler\Zeichnung\bluej.pkg <-- swt /Studenten/1winkler/Zeichnung bluej.pkg
2003.04.06 19:32 B d:\Eigene Dateien\PB\Uni\P2\1winkler\Zeichnung\bluej.pkg --> swtpc1.informatik.uni-hamburg.de /SWT-Daten/Public-SWT/Lehre/P2/SoSe2003/AufgabenblaetterNeuesKonzept/Blatt A + B Probe-Programmieren/1winkler/Zeichnung bluej.pkg
2003.04.06 19:32 B d:\Eigene Dateien\PB\Uni\P2\1winkler\Zeichnung\bluej.pkh --> swtpc1.informatik.uni-hamburg.de /SWT-Daten/Public-SWT/Lehre/P2/SoSe2003/AufgabenblaetterNeuesKonzept/Blatt A + B Probe-Programmieren/1winkler/Zeichnung bluej.pkh
2003.04.06 19:32 B d:\Eigene Dateien\PB\Uni\P2\1winkler\Zeichnung\Dreieck.class --> swtpc1.informatik.uni-hamburg.de /SWT-Daten/Public-SWT/Lehre/P2/SoSe2003/AufgabenblaetterNeuesKonzept/Blatt A + B Probe-Programmieren/1winkler/Zeichnung Dreieck.class
2003.04.06 19:32 B d:\Eigene Dateien\PB\Uni\P2\1winkler\Zeichnung\Dreieck.ctxt --> swtpc1.informatik.uni-hamburg.de /SWT-Daten/Public-SWT/Lehre/P2/SoSe2003/AufgabenblaetterNeuesKonzept/Blatt A + B Probe-Programmieren/1winkler/Zeichnung Dreieck.ctxt
2003.04.06 19:32 B d:\Eigene Dateien\PB\Uni\P2\1winkler\Zeichnung\Dreieck.java --> swtpc1.informatik.uni-hamburg.de /SWT-Daten/Public-SWT/Lehre/P2/SoSe2003/AufgabenblaetterNeuesKonzept/Blatt A + B Probe-Programmieren/1winkler/Zeichnung Dreieck.java
2003.04.06 19:32 B d:\Eigene Dateien\PB\Uni\P2\1winkler\Zeichnung\Kreis.class --> swtpc1.informatik.uni-hamburg.de /SWT-Daten/Public-SWT/Lehre/P2/SoSe2003/AufgabenblaetterNeuesKonzept/Blatt A + B Probe-Programmieren/1winkler/Zeichnung Kreis.class
2003.04.06 19:32 B d:\Eigene Dateien\PB\Uni\P2\1winkler\Zeichnung\Kreis.ctxt --> swtpc1.informatik.uni-hamburg.de /SWT-Daten/Public-SWT/Lehre/P2/SoSe2003/AufgabenblaetterNeuesKonzept/Blatt A + B Probe-Programmieren/1winkler/Zeichnung Kreis.ctxt
2003.04.06 19:32 B d:\Eigene Dateien\PB\Uni\P2\1winkler\Zeichnung\Kreis.java --> swtpc1.informatik.uni-hamburg.de /SWT-Daten/Public-SWT/Lehre/P2/SoSe2003/AufgabenblaetterNeuesKonzept/Blatt A + B Probe-Programmieren/1winkler/Zeichnung Kreis.java
2003.04.06 19:32 B d:\Eigene Dateien\PB\Uni\P2\1winkler\Zeichnung\Leinwand$1.class --> swtpc1.informatik.uni-hamburg.de /SWT-Daten/Public-SWT/Lehre/P2/SoSe2003/AufgabenblaetterNeuesKonzept/Blatt A + B Probe-Programmieren/1winkler/Zeichnung Leinwand$1.class
2003.04.06 19:32 B d:\Eigene Dateien\PB\Uni\P2\1winkler\Zeichnung\Leinwand$CanvasPane.class --> swtpc1.informatik.uni-hamburg.de /SWT-Daten/Public-SWT/Lehre/P2/SoSe2003/AufgabenblaetterNeuesKonzept/Blatt A + B Probe-Programmieren/1winkler/Zeichnung Leinwand$CanvasPane.class
2003.04.06 19:32 B d:\Eigene Dateien\PB\Uni\P2\1winkler\Zeichnung\Leinwand$ShapeDescription.class --> swtpc1.informatik.uni-hamburg.de /SWT-Daten/Public-SWT/Lehre/P2/SoSe2003/AufgabenblaetterNeuesKonzept/Blatt A + B Probe-Programmieren/1winkler/Zeichnung Leinwand$ShapeDescription.class
2003.04.06 19:32 B d:\Eigene Dateien\PB\Uni\P2\1winkler\Zeichnung\Leinwand$ShapeMitFarbe.class --> swtpc1.informatik.uni-hamburg.de /SWT-Daten/Public-SWT/Lehre/P2/SoSe2003/AufgabenblaetterNeuesKonzept/Blatt A + B Probe-Programmieren/1winkler/Zeichnung Leinwand$ShapeMitFarbe.class
2003.04.06 19:32 B d:\Eigene Dateien\PB\Uni\P2\1winkler\Zeichnung\Leinwand$Zeichenflaeche.class --> swtpc1.informatik.uni-hamburg.de /SWT-Daten/Public-SWT/Lehre/P2/SoSe2003/AufgabenblaetterNeuesKonzept/Blatt A + B Probe-Programmieren/1winkler/Zeichnung Leinwand$Zeichenflaeche.class
2003.04.06 19:32 B d:\Eigene Dateien\PB\Uni\P2\1winkler\Zeichnung\Leinwand.class --> swtpc1.informatik.uni-hamburg.de /SWT-Daten/Public-SWT/Lehre/P2/SoSe2003/AufgabenblaetterNeuesKonzept/Blatt A + B Probe-Programmieren/1winkler/Zeichnung Leinwand.class
2003.04.06 19:32 B d:\Eigene Dateien\PB\Uni\P2\1winkler\Zeichnung\Leinwand.ctxt --> swtpc1.informatik.uni-hamburg.de /SWT-Daten/Public-SWT/Lehre/P2/SoSe2003/AufgabenblaetterNeuesKonzept/Blatt A + B Probe-Programmieren/1winkler/Zeichnung Leinwand.ctxt
2003.04.06 19:32 B d:\Eigene Dateien\PB\Uni\P2\1winkler\Zeichnung\Leinwand.java --> swtpc1.informatik.uni-hamburg.de /SWT-Daten/Public-SWT/Lehre/P2/SoSe2003/AufgabenblaetterNeuesKonzept/Blatt A + B Probe-Programmieren/1winkler/Zeichnung Leinwand.java
2003.04.06 19:32 B d:\Eigene Dateien\PB\Uni\P2\1winkler\Zeichnung\Quadrat.class --> swtpc1.informatik.uni-hamburg.de /SWT-Daten/Public-SWT/Lehre/P2/SoSe2003/AufgabenblaetterNeuesKonzept/Blatt A + B Probe-Programmieren/1winkler/Zeichnung Quadrat.class
2003.04.06 19:32 B d:\Eigene Dateien\PB\Uni\P2\1winkler\Zeichnung\Quadrat.ctxt --> swtpc1.informatik.uni-hamburg.de /SWT-Daten/Public-SWT/Lehre/P2/SoSe2003/AufgabenblaetterNeuesKonzept/Blatt A + B Probe-Programmieren/1winkler/Zeichnung Quadrat.ctxt
2003.04.06 19:32 B d:\Eigene Dateien\PB\Uni\P2\1winkler\Zeichnung\Quadrat.java --> swtpc1.informatik.uni-hamburg.de /SWT-Daten/Public-SWT/Lehre/P2/SoSe2003/AufgabenblaetterNeuesKonzept/Blatt A + B Probe-Programmieren/1winkler/Zeichnung Quadrat.java
2003.04.06 19:32 B d:\Eigene Dateien\PB\Uni\P2\1winkler\Zeichnung\README.TXT --> swtpc1.informatik.uni-hamburg.de /SWT-Daten/Public-SWT/Lehre/P2/SoSe2003/AufgabenblaetterNeuesKonzept/Blatt A + B Probe-Programmieren/1winkler/Zeichnung README.TXT
