MPASM 01.50 Released            TUT84.ASM   11-27-1998  11:48:03         PAGE  1


LOC  OBJECT CODE     LINE SOURCE TEXT
  VALUE

Warning[215]: Processor superceded by command line.  Verify processor symbol.
                    00001       list p=16c84
                    00002 ;
                    00003 ;  This program runs on the PICDBD-1 demo board.
                    00004 ;  In the Demo board, Port B is connected to 8 LEDs. 
                    00005 ;  RA1 is connected to a switch (S3). This program increments
                    00006 ;  the file register count each time S3 is pressed.
                    00007 ;  The value of count is displayed on the LEDs connected
                    00008 ;  to Port B.
                    00009 ;  Net result is that Leds should increment in a binary
                    00010 ;  manner every time S3 is pressed.
                    00011 ;
                    00012       #include <P16C84.INC>
                    00001         LIST
                    00002 ; P16C84.INC  Standard Header File, Version 1.00    Microchip Technology, Inc.
                    00134         LIST
                    00013 ;
  00000010          00014 COUNT   equ     0x10
                    00015 ;
                    00016 ;
0000                00017       org     00h             ; reset vector.
0000 2805           00018       goto    Start
                    00019 
0005                00020       org     05h
0005                00021 Start
0005 3000           00022       movlw   0
0006 0086           00023       movwf   PORTB           ; config port b as output
0007 1683           00024         bsf     STATUS, RP0
Message[302]: Register in operand not in bank 0.  Ensure that bank bits are correct.
0008 0186           00025       clrf    TRISB 
0009 1283           00026         bcf     STATUS, RP0
000A 0190           00027       clrf    COUNT           ; clr count
000B                00028 Loop
000B 1C85           00029       btfss   PORTA,1         ; see if RA1 pressed
000C 280E           00030       goto    IncCount        ; yes then inc count
000D                00031 Endloop
000D 280B           00032       goto    Loop            ; else check again
000E                00033 IncCount
000E 0A90           00034       incf    COUNT, F        ; inc count
000F 0810           00035       movf    COUNT,W         ;
0010 0086           00036       movwf   PORTB           ; display on port b
0011                00037 Debounce
0011 1C85           00038       btfss   PORTA,1         ; wait for key release
0012 2811           00039       goto    Debounce        ; not release then wait
0013                00040 Enddebounce
0013 280B           00041       goto    Loop            ; else check key press again
                    00042 ;
                    00043       end
MPASM 01.50 Released            TUT84.ASM   11-27-1998  11:48:03         PAGE  2


SYMBOL TABLE
  LABEL                             VALUE 

C                                 00000000
COUNT                             00000010
DC                                00000001
Debounce                          00000011
EEADR                             00000009
EECON1                            00000088
EECON2                            00000089
EEDATA                            00000008
EEIE                              00000006
EEIF                              00000004
Enddebounce                       00000013
Endloop                           0000000D
F                                 00000001
FSR                               00000004
GIE                               00000007
INDF                              00000000
INTCON                            0000000B
INTE                              00000004
INTEDG                            00000006
INTF                              00000001
IRP                               00000007
IncCount                          0000000E
Loop                              0000000B
NOT_PD                            00000003
NOT_RBPU                          00000007
NOT_TO                            00000004
OPTION_REG                        00000081
PCL                               00000002
PCLATH                            0000000A
PORTA                             00000005
PORTB                             00000006
PS0                               00000000
PS1                               00000001
PS2                               00000002
PSA                               00000003
RBIE                              00000003
RBIF                              00000000
RD                                00000000
RP0                               00000005
RP1                               00000006
STATUS                            00000003
Start                             00000005
T0CS                              00000005
T0IE                              00000005
T0IF                              00000002
T0SE                              00000004
TMR0                              00000001
TRISA                             00000085
TRISB                             00000086
W                                 00000000
WR                                00000001
WREN                              00000002
WRERR                             00000003
MPASM 01.50 Released            TUT84.ASM   11-27-1998  11:48:03         PAGE  3


SYMBOL TABLE
  LABEL                             VALUE 

Z                                 00000002
_CP_OFF                           00003FFF
_CP_ON                            00003FEF
_HS_OSC                           00003FFE
_LP_OSC                           00003FFC
_PWRTE_OFF                        00003FF7
_PWRTE_ON                         00003FFF
_RC_OSC                           00003FFF
_WDT_OFF                          00003FFB
_WDT_ON                           00003FFF
_XT_OSC                           00003FFD
__16C84                           00000001


MEMORY USAGE MAP ('X' = Used,  '-' = Unused)

0000 : X----XXXXXXXXXXX XXXX------------ ---------------- ----------------

All other memory blocks unused.

Program Memory Words Used:    16
Program Memory Words Free:  1008


Errors   :     0
Warnings :     1 reported,     0 suppressed
Messages :     1 reported,     0 suppressed

